# JRE version: Java(TM) SE Runtime Environment (12.0.2+10) (build 12.0.2+10)
# Java VM: Java HotSpot(TM) 64-Bit Server VM (12.0.2+10, mixed mode, sharing, tiered, compressed oops, g1 gc, windows-amd64)
Heap:
 garbage-first heap   total 136192K, used 20099K [0x0000000702600000, 0x0000000800000000)
  region size 1024K, 4 young (4096K), 4 survivors (4096K)
 Metaspace       used 47459K, capacity 48985K, committed 49200K, reserved 1091584K
  class space    used 6385K, capacity 6965K, committed 7040K, reserved 1048576K
GC Heap History (10 events):
Event: 4.802 GC heap after
{Heap after GC invocations=9 (full 0):
 garbage-first heap   total 154624K, used 15747K [0x0000000702600000, 0x0000000800000000)
  region size 1024K, 2 young (2048K), 2 survivors (2048K)
 Metaspace       used 34382K, capacity 35641K, committed 35888K, reserved 1081344K
  class space    used 4510K, capacity 4982K, committed 4992K, reserved 1048576K
}
Event: 5.305 GC heap before
{Heap before GC invocations=10 (full 0):
 garbage-first heap   total 61440K, used 50563K [0x0000000702600000, 0x0000000800000000)
  region size 1024K, 36 young (36864K), 2 survivors (2048K)
 Metaspace       used 37932K, capacity 39202K, committed 39344K, reserved 1083392K
  class space    used 5033K, capacity 5506K, committed 5632K, reserved 1048576K
}
Event: 5.313 GC heap after
{Heap after GC invocations=11 (full 0):
 garbage-first heap   total 61440K, used 16393K [0x0000000702600000, 0x0000000800000000)
  region size 1024K, 2 young (2048K), 2 survivors (2048K)
 Metaspace       used 37932K, capacity 39202K, committed 39344K, reserved 1083392K
  class space    used 5033K, capacity 5506K, committed 5632K, reserved 1048576K
}
Event: 5.652 GC heap before
{Heap before GC invocations=11 (full 0):
 garbage-first heap   total 61440K, used 44041K [0x0000000702600000, 0x0000000800000000)
  region size 1024K, 29 young (29696K), 2 survivors (2048K)
 Metaspace       used 40790K, capacity 42016K, committed 42288K, reserved 1085440K
  class space    used 5423K, capacity 5911K, committed 6016K, reserved 1048576K
}
Event: 5.658 GC heap after
{Heap after GC invocations=12 (full 0):
 garbage-first heap   total 61440K, used 16774K [0x0000000702600000, 0x0000000800000000)
  region size 1024K, 3 young (3072K), 3 survivors (3072K)
 Metaspace       used 40790K, capacity 42016K, committed 42288K, reserved 1085440K
  class space    used 5423K, capacity 5911K, committed 6016K, reserved 1048576K
}
Event: 6.091 GC heap before
{Heap before GC invocations=12 (full 0):
 garbage-first heap   total 61440K, used 44422K [0x0000000702600000, 0x0000000800000000)
  region size 1024K, 30 young (30720K), 3 survivors (3072K)
 Metaspace       used 43448K, capacity 44788K, committed 44976K, reserved 1087488K
  class space    used 5861K, capacity 6381K, committed 6400K, reserved 1048576K
}
Event: 6.099 GC heap after
{Heap after GC invocations=13 (full 0):
 garbage-first heap   total 61440K, used 17397K [0x0000000702600000, 0x0000000800000000)
  region size 1024K, 3 young (3072K), 3 survivors (3072K)
 Metaspace       used 43448K, capacity 44788K, committed 44976K, reserved 1087488K
  class space    used 5861K, capacity 6381K, committed 6400K, reserved 1048576K
}
Event: 6.439 GC heap before
{Heap before GC invocations=13 (full 0):
 garbage-first heap   total 61440K, used 45045K [0x0000000702600000, 0x0000000800000000)
  region size 1024K, 30 young (30720K), 3 survivors (3072K)
 Metaspace       used 44941K, capacity 46324K, committed 46512K, reserved 1089536K
  class space    used 6050K, capacity 6590K, committed 6656K, reserved 1048576K
}
Event: 6.448 GC heap after
{Heap after GC invocations=14 (full 0):
 garbage-first heap   total 61440K, used 18413K [0x0000000702600000, 0x0000000800000000)
  region size 1024K, 3 young (3072K), 3 survivors (3072K)
 Metaspace       used 44941K, capacity 46324K, committed 46512K, reserved 1089536K
  class space    used 6050K, capacity 6590K, committed 6656K, reserved 1048576K
}
Event: 6.818 GC heap before
{Heap before GC invocations=14 (full 0):
 garbage-first heap   total 61440K, used 47085K [0x0000000702600000, 0x0000000800000000)
  region size 1024K, 31 young (31744K), 3 survivors (3072K)
 Metaspace       used 47459K, capacity 48985K, committed 49200K, reserved 1091584K
  class space    used 6385K, capacity 6965K, committed 7040K, reserved 1048576K
}

