# JRE version: Java(TM) SE Runtime Environment (12.0.2+10) (build 12.0.2+10)
# Java VM: Java HotSpot(TM) 64-Bit Server VM (12.0.2+10, mixed mode, sharing, tiered, compressed oops, g1 gc, windows-amd64)
Heap:
 garbage-first heap   total 152576K, used 21392K [0x0000000702600000, 0x0000000800000000)
  region size 1024K, 7 young (7168K), 2 survivors (2048K)
 Metaspace       used 42360K, capacity 43709K, committed 43824K, reserved 1087488K
  class space    used 5710K, capacity 6210K, committed 6272K, reserved 1048576K
GC Heap History (10 events):
Event: 4.748 GC heap before
{Heap before GC invocations=9 (full 0):
 garbage-first heap   total 45056K, used 20698K [0x0000000702600000, 0x0000000800000000)
  region size 1024K, 8 young (8192K), 2 survivors (2048K)
 Metaspace       used 34404K, capacity 35715K, committed 35888K, reserved 1081344K
  class space    used 4510K, capacity 4982K, committed 4992K, reserved 1048576K
}
Event: 4.751 GC heap after
{Heap after GC invocations=10 (full 0):
 garbage-first heap   total 45056K, used 15706K [0x0000000702600000, 0x0000000800000000)
  region size 1024K, 2 young (2048K), 2 survivors (2048K)
 Metaspace       used 34404K, capacity 35715K, committed 35888K, reserved 1081344K
  class space    used 4510K, capacity 4982K, committed 4992K, reserved 1048576K
}
Event: 4.989 GC heap before
{Heap before GC invocations=11 (full 0):
 garbage-first heap   total 45056K, used 33114K [0x0000000702600000, 0x0000000800000000)
  region size 1024K, 19 young (19456K), 2 survivors (2048K)
 Metaspace       used 36335K, capacity 37583K, committed 37808K, reserved 1081344K
  class space    used 4827K, capacity 5306K, committed 5376K, reserved 1048576K
}
Event: 4.993 GC heap after
{Heap after GC invocations=12 (full 0):
 garbage-first heap   total 45056K, used 16102K [0x0000000702600000, 0x0000000800000000)
  region size 1024K, 2 young (2048K), 2 survivors (2048K)
 Metaspace       used 36335K, capacity 37583K, committed 37808K, reserved 1081344K
  class space    used 4827K, capacity 5306K, committed 5376K, reserved 1048576K
}
Event: 5.224 GC heap before
{Heap before GC invocations=12 (full 0):
 garbage-first heap   total 45056K, used 34534K [0x0000000702600000, 0x0000000800000000)
  region size 1024K, 20 young (20480K), 2 survivors (2048K)
 Metaspace       used 38017K, capacity 39323K, committed 39600K, reserved 1083392K
  class space    used 5051K, capacity 5543K, committed 5632K, reserved 1048576K
}
Event: 5.228 GC heap after
{Heap after GC invocations=13 (full 0):
 garbage-first heap   total 45056K, used 16373K [0x0000000702600000, 0x0000000800000000)
  region size 1024K, 2 young (2048K), 2 survivors (2048K)
 Metaspace       used 38017K, capacity 39323K, committed 39600K, reserved 1083392K
  class space    used 5051K, capacity 5543K, committed 5632K, reserved 1048576K
}
Event: 5.429 GC heap before
{Heap before GC invocations=13 (full 0):
 garbage-first heap   total 45056K, used 33781K [0x0000000702600000, 0x0000000800000000)
  region size 1024K, 20 young (20480K), 2 survivors (2048K)
 Metaspace       used 40115K, capacity 41342K, committed 41520K, reserved 1085440K
  class space    used 5273K, capacity 5747K, committed 5760K, reserved 1048576K
}
Event: 5.434 GC heap after
{Heap after GC invocations=14 (full 0):
 garbage-first heap   total 45056K, used 16630K [0x0000000702600000, 0x0000000800000000)
  region size 1024K, 2 young (2048K), 2 survivors (2048K)
 Metaspace       used 40115K, capacity 41342K, committed 41520K, reserved 1085440K
  class space    used 5273K, capacity 5747K, committed 5760K, reserved 1048576K
}
Event: 5.714 GC heap before
{Heap before GC invocations=14 (full 0):
 garbage-first heap   total 45056K, used 35062K [0x0000000702600000, 0x0000000800000000)
  region size 1024K, 20 young (20480K), 2 survivors (2048K)
 Metaspace       used 42033K, capacity 43307K, committed 43440K, reserved 1087488K
  class space    used 5662K, capacity 6142K, committed 6144K, reserved 1048576K
}
Event: 5.720 GC heap after
{Heap after GC invocations=15 (full 0):
 garbage-first heap   total 152576K, used 17296K [0x0000000702600000, 0x0000000800000000)
  region size 1024K, 2 young (2048K), 2 survivors (2048K)
 Metaspace       used 42033K, capacity 43307K, committed 43440K, reserved 1087488K
  class space    used 5662K, capacity 6142K, committed 6144K, reserved 1048576K
}

